<?xml version="1.0" encoding="UTF-8"?>
<!-- Generated by org.testng.reporters.JUnitReportReporter -->
<testsuite hostname="DESKTOP-G7HDG2O" failures="0" tests="1" name="test.LoginTest" time="43.714" errors="0" timestamp="2021-12-26T10:52:02 IST" skipped="0">
  <testcase classname="test.LoginTest" name="login" time="43.714"/>
  <system-out/>
</testsuite> <!-- test.LoginTest -->
