<?xml version="1.0" encoding="UTF-8"?>
<!-- Generated by org.testng.reporters.JUnitReportReporter -->
<testsuite hostname="DESKTOP-G7HDG2O" failures="0" tests="1" name="test.TwoTest" time="33.728" errors="0" timestamp="2021-12-26T10:52:02 IST" skipped="0">
  <testcase classname="test.TwoTest" name="testtwo" time="33.728"/>
  <system-out/>
</testsuite> <!-- test.TwoTest -->
