<?xml version="1.0" encoding="UTF-8"?>
<!-- Generated by org.testng.reporters.JUnitReportReporter -->
<testsuite hostname="DESKTOP-G7HDG2O" failures="0" tests="1" name="runner.RunnerCucumber" time="23.427" errors="0" timestamp="2021-12-26T15:00:28 IST" skipped="0">
  <testcase classname="runner.RunnerCucumber" name="runScenario" time="23.427"/>
  <system-out/>
</testsuite> <!-- runner.RunnerCucumber -->
