<?xml version="1.0" encoding="UTF-8"?>
<!-- Generated by org.testng.reporters.JUnitReportReporter -->
<testsuite skipped="0" hostname="DESKTOP-G7HDG2O" name="test.LoginTest" tests="2" failures="0" timestamp="2021-12-20T12:20:44 IST" time="79.011" errors="0">
  <testcase name="login" time="53.975" classname="test.LoginTest"/>
  <system-out/>
  <testcase name="login" time="25.036" classname="test.LoginTest"/>
  <system-out/>
</testsuite> <!-- test.LoginTest -->
