<?xml version="1.0" encoding="UTF-8"?>
<!-- Generated by org.testng.reporters.JUnitReportReporter -->
<testsuite skipped="0" hostname="DESKTOP-G7HDG2O" name="runner.RunnerCucumber" tests="1" failures="0" timestamp="2021-12-26T15:11:02 IST" time="37.814" errors="0">
  <testcase name="runScenario" time="37.814" classname="runner.RunnerCucumber"/>
  <system-out/>
</testsuite> <!-- runner.RunnerCucumber -->
